2016-02-18 16:48:41 [scrapy] INFO: Scrapy 1.0.4 started (bot: spixiv)
2016-02-18 16:48:41 [scrapy] INFO: Optional features available: ssl, http11
2016-02-18 16:48:41 [scrapy] INFO: Overridden settings: {'NEWSPIDER_MODULE': 'spixiv.spiders', 'FEED_URI': 'sp.json', 'SPIDER_MODULES': ['spixiv.spiders'], 'BOT_NAME': 'spixiv', 'FEED_FORMAT': 'json', 'LOG_FILE': 'sp.log'}
2016-02-18 16:49:09 [scrapy] INFO: Scrapy 1.0.4 started (bot: spixiv)
2016-02-18 16:49:09 [scrapy] INFO: Optional features available: ssl, http11
2016-02-18 16:49:09 [scrapy] INFO: Overridden settings: {'NEWSPIDER_MODULE': 'spixiv.spiders', 'FEED_URI': 'sp.json', 'SPIDER_MODULES': ['spixiv.spiders'], 'BOT_NAME': 'spixiv', 'FEED_FORMAT': 'json', 'LOG_FILE': 'sp.log'}
2016-02-18 16:49:10 [scrapy] INFO: Enabled extensions: CloseSpider, FeedExporter, TelnetConsole, LogStats, CoreStats, SpiderState
2016-02-18 16:49:10 [scrapy] INFO: Enabled downloader middlewares: HttpAuthMiddleware, DownloadTimeoutMiddleware, UserAgentMiddleware, RetryMiddleware, DefaultHeadersMiddleware, MetaRefreshMiddleware, HttpCompressionMiddleware, RedirectMiddleware, CookiesMiddleware, ChunkedTransferMiddleware, DownloaderStats
2016-02-18 16:49:10 [scrapy] INFO: Enabled spider middlewares: HttpErrorMiddleware, OffsiteMiddleware, RefererMiddleware, UrlLengthMiddleware, DepthMiddleware
2016-02-18 16:49:10 [scrapy] INFO: Enabled item pipelines: 
2016-02-18 16:49:10 [scrapy] INFO: Spider opened
2016-02-18 16:49:10 [scrapy] INFO: Crawled 0 pages (at 0 pages/min), scraped 0 items (at 0 items/min)
2016-02-18 16:49:10 [scrapy] DEBUG: Telnet console listening on 127.0.0.1:6024
2016-02-18 16:49:11 [scrapy] DEBUG: Crawled (200) <GET http://www.pixiv.net/ranking.php?mode=daily&amp;content=illust&amp;format=json> (referer: None)
2016-02-18 16:49:11 [scrapy] ERROR: Spider error processing <GET http://www.pixiv.net/ranking.php?mode=daily&amp;content=illust&amp;format=json> (referer: None)
Traceback (most recent call last):
  File "C:\Python27\lib\site-packages\scrapy-1.0.4-py2.7.egg\scrapy\utils\defer.py", line 102, in iter_errback
    yield next(it)
  File "C:\Python27\lib\site-packages\scrapy-1.0.4-py2.7.egg\scrapy\spidermiddlewares\offsite.py", line 28, in process_spider_output
    for x in result:
  File "C:\Python27\lib\site-packages\scrapy-1.0.4-py2.7.egg\scrapy\spidermiddlewares\referer.py", line 22, in <genexpr>
    return (_set_referer(r) for r in result or ())
  File "C:\Python27\lib\site-packages\scrapy-1.0.4-py2.7.egg\scrapy\spidermiddlewares\urllength.py", line 37, in <genexpr>
    return (r for r in result or () if _filter(r))
  File "C:\Python27\lib\site-packages\scrapy-1.0.4-py2.7.egg\scrapy\spidermiddlewares\depth.py", line 54, in <genexpr>
    return (r for r in result or () if _filter(r))
  File "D:\py\project\spixiv\spixiv\spiders\SpixivSpider.py", line 20, in parse
    jsondata = json.loads(response.body)
  File "C:\Python27\lib\json\__init__.py", line 339, in loads
    return _default_decoder.decode(s)
  File "C:\Python27\lib\json\decoder.py", line 364, in decode
    obj, end = self.raw_decode(s, idx=_w(s, 0).end())
  File "C:\Python27\lib\json\decoder.py", line 382, in raw_decode
    raise ValueError("No JSON object could be decoded")
ValueError: No JSON object could be decoded
2016-02-18 16:49:11 [scrapy] INFO: Closing spider (finished)
2016-02-18 16:49:11 [scrapy] INFO: Dumping Scrapy stats:
{'downloader/request_bytes': 268,
 'downloader/request_count': 1,
 'downloader/request_method_count/GET': 1,
 'downloader/response_bytes': 19773,
 'downloader/response_count': 1,
 'downloader/response_status_count/200': 1,
 'finish_reason': 'finished',
 'finish_time': datetime.datetime(2016, 2, 18, 8, 49, 11, 469000),
 'log_count/DEBUG': 2,
 'log_count/ERROR': 1,
 'log_count/INFO': 7,
 'response_received_count': 1,
 'scheduler/dequeued': 1,
 'scheduler/dequeued/memory': 1,
 'scheduler/enqueued': 1,
 'scheduler/enqueued/memory': 1,
 'spider_exceptions/ValueError': 1,
 'start_time': datetime.datetime(2016, 2, 18, 8, 49, 10, 875000)}
2016-02-18 16:49:11 [scrapy] INFO: Spider closed (finished)
2016-02-18 16:51:28 [scrapy] INFO: Scrapy 1.0.4 started (bot: spixiv)
2016-02-18 16:51:28 [scrapy] INFO: Optional features available: ssl, http11
2016-02-18 16:51:28 [scrapy] INFO: Overridden settings: {'NEWSPIDER_MODULE': 'spixiv.spiders', 'FEED_URI': 'sp.json', 'SPIDER_MODULES': ['spixiv.spiders'], 'BOT_NAME': 'spixiv', 'FEED_FORMAT': 'json', 'LOG_FILE': 'sp.log'}
2016-02-18 16:51:28 [scrapy] INFO: Enabled extensions: CloseSpider, FeedExporter, TelnetConsole, LogStats, CoreStats, SpiderState
2016-02-18 16:51:29 [scrapy] INFO: Enabled downloader middlewares: HttpAuthMiddleware, DownloadTimeoutMiddleware, UserAgentMiddleware, RetryMiddleware, DefaultHeadersMiddleware, MetaRefreshMiddleware, HttpCompressionMiddleware, RedirectMiddleware, CookiesMiddleware, ChunkedTransferMiddleware, DownloaderStats
2016-02-18 16:51:29 [scrapy] INFO: Enabled spider middlewares: HttpErrorMiddleware, OffsiteMiddleware, RefererMiddleware, UrlLengthMiddleware, DepthMiddleware
2016-02-18 16:51:29 [scrapy] INFO: Enabled item pipelines: 
2016-02-18 16:51:29 [scrapy] INFO: Spider opened
2016-02-18 16:51:29 [scrapy] INFO: Crawled 0 pages (at 0 pages/min), scraped 0 items (at 0 items/min)
2016-02-18 16:51:29 [scrapy] DEBUG: Telnet console listening on 127.0.0.1:6024
2016-02-18 16:51:29 [scrapy] DEBUG: Crawled (200) <GET http://www.pixiv.net/ranking.php?mode=daily&amp%3Bcontent=illust&amp%3Bformat=json> (referer: None)
2016-02-18 16:51:29 [scrapy] ERROR: Spider error processing <GET http://www.pixiv.net/ranking.php?mode=daily&amp%3Bcontent=illust&amp%3Bformat=json> (referer: None)
Traceback (most recent call last):
  File "C:\Python27\lib\site-packages\scrapy-1.0.4-py2.7.egg\scrapy\utils\defer.py", line 102, in iter_errback
    yield next(it)
  File "C:\Python27\lib\site-packages\scrapy-1.0.4-py2.7.egg\scrapy\spidermiddlewares\offsite.py", line 28, in process_spider_output
    for x in result:
  File "C:\Python27\lib\site-packages\scrapy-1.0.4-py2.7.egg\scrapy\spidermiddlewares\referer.py", line 22, in <genexpr>
    return (_set_referer(r) for r in result or ())
  File "C:\Python27\lib\site-packages\scrapy-1.0.4-py2.7.egg\scrapy\spidermiddlewares\urllength.py", line 37, in <genexpr>
    return (r for r in result or () if _filter(r))
  File "C:\Python27\lib\site-packages\scrapy-1.0.4-py2.7.egg\scrapy\spidermiddlewares\depth.py", line 54, in <genexpr>
    return (r for r in result or () if _filter(r))
  File "D:\py\project\spixiv\spixiv\spiders\SpixivSpider.py", line 20, in parse
    jsondata = json.loads(response.body)
  File "C:\Python27\lib\json\__init__.py", line 339, in loads
    return _default_decoder.decode(s)
  File "C:\Python27\lib\json\decoder.py", line 364, in decode
    obj, end = self.raw_decode(s, idx=_w(s, 0).end())
  File "C:\Python27\lib\json\decoder.py", line 382, in raw_decode
    raise ValueError("No JSON object could be decoded")
ValueError: No JSON object could be decoded
2016-02-18 16:51:29 [scrapy] INFO: Closing spider (finished)
2016-02-18 16:51:29 [scrapy] INFO: Dumping Scrapy stats:
{'downloader/request_bytes': 272,
 'downloader/request_count': 1,
 'downloader/request_method_count/GET': 1,
 'downloader/response_bytes': 19783,
 'downloader/response_count': 1,
 'downloader/response_status_count/200': 1,
 'finish_reason': 'finished',
 'finish_time': datetime.datetime(2016, 2, 18, 8, 51, 29, 597000),
 'log_count/DEBUG': 2,
 'log_count/ERROR': 1,
 'log_count/INFO': 7,
 'response_received_count': 1,
 'scheduler/dequeued': 1,
 'scheduler/dequeued/memory': 1,
 'scheduler/enqueued': 1,
 'scheduler/enqueued/memory': 1,
 'spider_exceptions/ValueError': 1,
 'start_time': datetime.datetime(2016, 2, 18, 8, 51, 29, 97000)}
2016-02-18 16:51:29 [scrapy] INFO: Spider closed (finished)
