2016-02-18 11:51:52 [scrapy] INFO: Scrapy 1.0.4 started (bot: lagou)
2016-02-18 11:51:52 [scrapy] INFO: Optional features available: ssl, http11
2016-02-18 11:51:52 [scrapy] INFO: Overridden settings: {'NEWSPIDER_MODULE': 'lagou.spiders', 'FEED_URI': 'lg.json', 'SPIDER_MODULES': ['lagou.spiders'], 'BOT_NAME': 'lagou', 'FEED_FORMAT': 'json', 'LOG_FILE': 'lagou.log'}
2016-02-18 11:51:52 [scrapy] INFO: Enabled extensions: CloseSpider, FeedExporter, TelnetConsole, LogStats, CoreStats, SpiderState
2016-02-18 11:51:52 [scrapy] INFO: Enabled downloader middlewares: HttpAuthMiddleware, DownloadTimeoutMiddleware, UserAgentMiddleware, RetryMiddleware, DefaultHeadersMiddleware, MetaRefreshMiddleware, HttpCompressionMiddleware, RedirectMiddleware, CookiesMiddleware, ChunkedTransferMiddleware, DownloaderStats
2016-02-18 11:51:53 [scrapy] INFO: Enabled spider middlewares: HttpErrorMiddleware, OffsiteMiddleware, RefererMiddleware, UrlLengthMiddleware, DepthMiddleware
2016-02-18 11:51:53 [scrapy] INFO: Enabled item pipelines: LagouPipeline
2016-02-18 11:51:53 [scrapy] INFO: Spider opened
2016-02-18 11:51:53 [scrapy] INFO: Crawled 0 pages (at 0 pages/min), scraped 0 items (at 0 items/min)
2016-02-18 11:51:53 [scrapy] DEBUG: Telnet console listening on 127.0.0.1:6023
2016-02-18 11:51:53 [scrapy] DEBUG: Crawled (200) <GET http://www.lagou.com/jobs/positionAjax.json?px=default&first=true&kd=python&pn=1> (referer: None)
2016-02-18 11:51:53 [scrapy] INFO: Closing spider (finished)
2016-02-18 11:51:53 [scrapy] INFO: Dumping Scrapy stats:
{'downloader/request_bytes': 270,
 'downloader/request_count': 1,
 'downloader/request_method_count/GET': 1,
 'downloader/response_bytes': 17272,
 'downloader/response_count': 1,
 'downloader/response_status_count/200': 1,
 'finish_reason': 'finished',
 'finish_time': datetime.datetime(2016, 2, 18, 3, 51, 53, 233000),
 'log_count/DEBUG': 2,
 'log_count/INFO': 7,
 'response_received_count': 1,
 'scheduler/dequeued': 1,
 'scheduler/dequeued/memory': 1,
 'scheduler/enqueued': 1,
 'scheduler/enqueued/memory': 1,
 'start_time': datetime.datetime(2016, 2, 18, 3, 51, 53, 4000)}
2016-02-18 11:51:53 [scrapy] INFO: Spider closed (finished)
2016-02-18 11:53:55 [scrapy] INFO: Scrapy 1.0.4 started (bot: lagou)
2016-02-18 11:53:55 [scrapy] INFO: Optional features available: ssl, http11
2016-02-18 11:53:55 [scrapy] INFO: Overridden settings: {'NEWSPIDER_MODULE': 'lagou.spiders', 'FEED_URI': 'lg.json', 'SPIDER_MODULES': ['lagou.spiders'], 'BOT_NAME': 'lagou', 'FEED_FORMAT': 'json', 'LOG_FILE': 'lagou.log'}
2016-02-18 11:53:55 [scrapy] INFO: Enabled extensions: CloseSpider, FeedExporter, TelnetConsole, LogStats, CoreStats, SpiderState
2016-02-18 11:53:56 [scrapy] INFO: Enabled downloader middlewares: HttpAuthMiddleware, DownloadTimeoutMiddleware, UserAgentMiddleware, RetryMiddleware, DefaultHeadersMiddleware, MetaRefreshMiddleware, HttpCompressionMiddleware, RedirectMiddleware, CookiesMiddleware, ChunkedTransferMiddleware, DownloaderStats
2016-02-18 11:53:56 [scrapy] INFO: Enabled spider middlewares: HttpErrorMiddleware, OffsiteMiddleware, RefererMiddleware, UrlLengthMiddleware, DepthMiddleware
2016-02-18 11:53:56 [scrapy] INFO: Enabled item pipelines: LagouPipeline
2016-02-18 11:53:56 [scrapy] INFO: Spider opened
2016-02-18 11:53:56 [scrapy] INFO: Crawled 0 pages (at 0 pages/min), scraped 0 items (at 0 items/min)
2016-02-18 11:53:56 [scrapy] DEBUG: Telnet console listening on 127.0.0.1:6023
2016-02-18 11:53:56 [scrapy] DEBUG: Crawled (200) <GET http://www.lagou.com/jobs/positionAjax.json?px=default&first=true&kd=python&pn=1> (referer: None)
2016-02-18 11:53:56 [scrapy] INFO: Closing spider (finished)
2016-02-18 11:53:56 [scrapy] INFO: Dumping Scrapy stats:
{'downloader/request_bytes': 270,
 'downloader/request_count': 1,
 'downloader/request_method_count/GET': 1,
 'downloader/response_bytes': 17272,
 'downloader/response_count': 1,
 'downloader/response_status_count/200': 1,
 'finish_reason': 'finished',
 'finish_time': datetime.datetime(2016, 2, 18, 3, 53, 56, 304000),
 'log_count/DEBUG': 2,
 'log_count/INFO': 7,
 'response_received_count': 1,
 'scheduler/dequeued': 1,
 'scheduler/dequeued/memory': 1,
 'scheduler/enqueued': 1,
 'scheduler/enqueued/memory': 1,
 'start_time': datetime.datetime(2016, 2, 18, 3, 53, 56, 30000)}
2016-02-18 11:53:56 [scrapy] INFO: Spider closed (finished)
2016-02-18 16:06:14 [scrapy] INFO: Scrapy 1.0.4 started (bot: lagou)
2016-02-18 16:06:14 [scrapy] INFO: Optional features available: ssl, http11
2016-02-18 16:06:14 [scrapy] INFO: Overridden settings: {'NEWSPIDER_MODULE': 'lagou.spiders', 'SPIDER_MODULES': ['lagou.spiders'], 'LOG_FILE': 'lagou.log', 'BOT_NAME': 'lagou'}
2016-02-18 16:06:14 [scrapy] INFO: Enabled extensions: CloseSpider, TelnetConsole, LogStats, CoreStats, SpiderState
2016-02-18 16:06:14 [scrapy] INFO: Enabled downloader middlewares: HttpAuthMiddleware, DownloadTimeoutMiddleware, UserAgentMiddleware, RetryMiddleware, DefaultHeadersMiddleware, MetaRefreshMiddleware, HttpCompressionMiddleware, RedirectMiddleware, CookiesMiddleware, ChunkedTransferMiddleware, DownloaderStats
2016-02-18 16:06:14 [scrapy] INFO: Enabled spider middlewares: HttpErrorMiddleware, OffsiteMiddleware, RefererMiddleware, UrlLengthMiddleware, DepthMiddleware
2016-02-18 16:06:14 [scrapy] INFO: Enabled item pipelines: LagouPipeline
2016-02-18 16:06:14 [scrapy] INFO: Spider opened
2016-02-18 16:06:14 [scrapy] INFO: Crawled 0 pages (at 0 pages/min), scraped 0 items (at 0 items/min)
2016-02-18 16:06:14 [scrapy] DEBUG: Telnet console listening on 127.0.0.1:6024
2016-02-18 16:06:14 [scrapy] DEBUG: Crawled (200) <GET http://www.lagou.com/jobs/positionAjax.json?px=default&first=true&kd=python&pn=1> (referer: None)
2016-02-18 16:06:14 [scrapy] INFO: Closing spider (finished)
2016-02-18 16:06:14 [scrapy] INFO: Dumping Scrapy stats:
{'downloader/request_bytes': 270,
 'downloader/request_count': 1,
 'downloader/request_method_count/GET': 1,
 'downloader/response_bytes': 17639,
 'downloader/response_count': 1,
 'downloader/response_status_count/200': 1,
 'finish_reason': 'finished',
 'finish_time': datetime.datetime(2016, 2, 18, 8, 6, 14, 694000),
 'log_count/DEBUG': 2,
 'log_count/INFO': 7,
 'response_received_count': 1,
 'scheduler/dequeued': 1,
 'scheduler/dequeued/memory': 1,
 'scheduler/enqueued': 1,
 'scheduler/enqueued/memory': 1,
 'start_time': datetime.datetime(2016, 2, 18, 8, 6, 14, 475000)}
2016-02-18 16:06:14 [scrapy] INFO: Spider closed (finished)
2016-02-18 16:06:25 [scrapy] INFO: Scrapy 1.0.4 started (bot: lagou)
2016-02-18 16:06:25 [scrapy] INFO: Optional features available: ssl, http11
2016-02-18 16:06:25 [scrapy] INFO: Overridden settings: {'NEWSPIDER_MODULE': 'lagou.spiders', 'FEED_URI': 'lagou.json', 'SPIDER_MODULES': ['lagou.spiders'], 'BOT_NAME': 'lagou', 'FEED_FORMAT': 'json', 'LOG_FILE': 'lagou.log'}
2016-02-18 16:06:25 [scrapy] INFO: Enabled extensions: CloseSpider, FeedExporter, TelnetConsole, LogStats, CoreStats, SpiderState
2016-02-18 16:06:25 [scrapy] INFO: Enabled downloader middlewares: HttpAuthMiddleware, DownloadTimeoutMiddleware, UserAgentMiddleware, RetryMiddleware, DefaultHeadersMiddleware, MetaRefreshMiddleware, HttpCompressionMiddleware, RedirectMiddleware, CookiesMiddleware, ChunkedTransferMiddleware, DownloaderStats
2016-02-18 16:06:25 [scrapy] INFO: Enabled spider middlewares: HttpErrorMiddleware, OffsiteMiddleware, RefererMiddleware, UrlLengthMiddleware, DepthMiddleware
2016-02-18 16:06:25 [scrapy] INFO: Enabled item pipelines: LagouPipeline
2016-02-18 16:06:25 [scrapy] INFO: Spider opened
2016-02-18 16:06:25 [scrapy] INFO: Crawled 0 pages (at 0 pages/min), scraped 0 items (at 0 items/min)
2016-02-18 16:06:25 [scrapy] DEBUG: Telnet console listening on 127.0.0.1:6024
2016-02-18 16:06:25 [scrapy] DEBUG: Crawled (200) <GET http://www.lagou.com/jobs/positionAjax.json?px=default&first=true&kd=python&pn=1> (referer: None)
2016-02-18 16:06:25 [scrapy] INFO: Closing spider (finished)
2016-02-18 16:06:25 [scrapy] INFO: Dumping Scrapy stats:
{'downloader/request_bytes': 270,
 'downloader/request_count': 1,
 'downloader/request_method_count/GET': 1,
 'downloader/response_bytes': 17639,
 'downloader/response_count': 1,
 'downloader/response_status_count/200': 1,
 'finish_reason': 'finished',
 'finish_time': datetime.datetime(2016, 2, 18, 8, 6, 25, 863000),
 'log_count/DEBUG': 2,
 'log_count/INFO': 7,
 'response_received_count': 1,
 'scheduler/dequeued': 1,
 'scheduler/dequeued/memory': 1,
 'scheduler/enqueued': 1,
 'scheduler/enqueued/memory': 1,
 'start_time': datetime.datetime(2016, 2, 18, 8, 6, 25, 582000)}
2016-02-18 16:06:25 [scrapy] INFO: Spider closed (finished)
2016-02-18 16:14:44 [scrapy] INFO: Scrapy 1.0.4 started (bot: lagou)
2016-02-18 16:14:44 [scrapy] INFO: Optional features available: ssl, http11
2016-02-18 16:14:44 [scrapy] INFO: Overridden settings: {'NEWSPIDER_MODULE': 'lagou.spiders', 'FEED_URI': 'lagou.json', 'SPIDER_MODULES': ['lagou.spiders'], 'BOT_NAME': 'lagou', 'FEED_FORMAT': 'json', 'LOG_FILE': 'lagou.log'}
2016-02-18 16:14:44 [scrapy] INFO: Enabled extensions: CloseSpider, FeedExporter, TelnetConsole, LogStats, CoreStats, SpiderState
2016-02-18 16:14:44 [scrapy] INFO: Enabled downloader middlewares: HttpAuthMiddleware, DownloadTimeoutMiddleware, UserAgentMiddleware, RetryMiddleware, DefaultHeadersMiddleware, MetaRefreshMiddleware, HttpCompressionMiddleware, RedirectMiddleware, CookiesMiddleware, ChunkedTransferMiddleware, DownloaderStats
2016-02-18 16:14:44 [scrapy] INFO: Enabled spider middlewares: HttpErrorMiddleware, OffsiteMiddleware, RefererMiddleware, UrlLengthMiddleware, DepthMiddleware
2016-02-18 16:14:44 [scrapy] INFO: Enabled item pipelines: LagouPipeline
2016-02-18 16:14:44 [scrapy] INFO: Spider opened
2016-02-18 16:14:44 [scrapy] INFO: Crawled 0 pages (at 0 pages/min), scraped 0 items (at 0 items/min)
2016-02-18 16:14:44 [scrapy] DEBUG: Telnet console listening on 127.0.0.1:6024
2016-02-18 16:14:44 [scrapy] DEBUG: Crawled (200) <GET http://www.lagou.com/jobs/positionAjax.json?px=default&first=true&kd=python&pn=1> (referer: None)
2016-02-18 16:14:44 [scrapy] INFO: Closing spider (finished)
2016-02-18 16:14:44 [scrapy] INFO: Dumping Scrapy stats:
{'downloader/request_bytes': 270,
 'downloader/request_count': 1,
 'downloader/request_method_count/GET': 1,
 'downloader/response_bytes': 17641,
 'downloader/response_count': 1,
 'downloader/response_status_count/200': 1,
 'finish_reason': 'finished',
 'finish_time': datetime.datetime(2016, 2, 18, 8, 14, 44, 838000),
 'log_count/DEBUG': 2,
 'log_count/INFO': 7,
 'response_received_count': 1,
 'scheduler/dequeued': 1,
 'scheduler/dequeued/memory': 1,
 'scheduler/enqueued': 1,
 'scheduler/enqueued/memory': 1,
 'start_time': datetime.datetime(2016, 2, 18, 8, 14, 44, 588000)}
2016-02-18 16:14:44 [scrapy] INFO: Spider closed (finished)
2016-02-18 16:26:25 [scrapy] INFO: Scrapy 1.0.4 started (bot: lagou)
2016-02-18 16:26:25 [scrapy] INFO: Optional features available: ssl, http11
2016-02-18 16:26:25 [scrapy] INFO: Overridden settings: {'NEWSPIDER_MODULE': 'lagou.spiders', 'FEED_URI': 'lagou.json', 'SPIDER_MODULES': ['lagou.spiders'], 'BOT_NAME': 'lagou', 'FEED_FORMAT': 'json', 'LOG_FILE': 'lagou.log'}
2016-02-18 16:26:25 [scrapy] INFO: Enabled extensions: CloseSpider, FeedExporter, TelnetConsole, LogStats, CoreStats, SpiderState
2016-02-18 16:26:25 [scrapy] INFO: Enabled downloader middlewares: HttpAuthMiddleware, DownloadTimeoutMiddleware, UserAgentMiddleware, RetryMiddleware, DefaultHeadersMiddleware, MetaRefreshMiddleware, HttpCompressionMiddleware, RedirectMiddleware, CookiesMiddleware, ChunkedTransferMiddleware, DownloaderStats
2016-02-18 16:26:25 [scrapy] INFO: Enabled spider middlewares: HttpErrorMiddleware, OffsiteMiddleware, RefererMiddleware, UrlLengthMiddleware, DepthMiddleware
2016-02-18 16:26:25 [scrapy] INFO: Enabled item pipelines: LagouPipeline
2016-02-18 16:26:25 [scrapy] INFO: Spider opened
2016-02-18 16:26:25 [scrapy] INFO: Crawled 0 pages (at 0 pages/min), scraped 0 items (at 0 items/min)
2016-02-18 16:26:25 [scrapy] DEBUG: Telnet console listening on 127.0.0.1:6024
2016-02-18 16:26:25 [scrapy] DEBUG: Crawled (200) <GET http://www.lagou.com/jobs/positionAjax.json?px=default&first=true&kd=python&pn=1> (referer: None)
2016-02-18 16:26:25 [scrapy] INFO: Closing spider (finished)
2016-02-18 16:26:25 [scrapy] INFO: Dumping Scrapy stats:
{'downloader/request_bytes': 270,
 'downloader/request_count': 1,
 'downloader/request_method_count/GET': 1,
 'downloader/response_bytes': 17641,
 'downloader/response_count': 1,
 'downloader/response_status_count/200': 1,
 'finish_reason': 'finished',
 'finish_time': datetime.datetime(2016, 2, 18, 8, 26, 25, 877000),
 'log_count/DEBUG': 2,
 'log_count/INFO': 7,
 'response_received_count': 1,
 'scheduler/dequeued': 1,
 'scheduler/dequeued/memory': 1,
 'scheduler/enqueued': 1,
 'scheduler/enqueued/memory': 1,
 'start_time': datetime.datetime(2016, 2, 18, 8, 26, 25, 627000)}
2016-02-18 16:26:25 [scrapy] INFO: Spider closed (finished)
2016-02-19 08:30:09 [scrapy] INFO: Scrapy 1.0.4 started (bot: lagou)
2016-02-19 08:30:10 [scrapy] INFO: Optional features available: ssl, http11
2016-02-19 08:30:10 [scrapy] INFO: Overridden settings: {'NEWSPIDER_MODULE': 'lagou.spiders', 'FEED_URI': 'lagou.json', 'SPIDER_MODULES': ['lagou.spiders'], 'BOT_NAME': 'lagou', 'FEED_FORMAT': 'json', 'LOG_FILE': 'lagou.log'}
2016-02-19 08:30:10 [scrapy] INFO: Enabled extensions: CloseSpider, FeedExporter, TelnetConsole, LogStats, CoreStats, SpiderState
2016-02-19 08:30:10 [scrapy] INFO: Enabled downloader middlewares: HttpAuthMiddleware, DownloadTimeoutMiddleware, UserAgentMiddleware, RetryMiddleware, DefaultHeadersMiddleware, MetaRefreshMiddleware, HttpCompressionMiddleware, RedirectMiddleware, CookiesMiddleware, ChunkedTransferMiddleware, DownloaderStats
2016-02-19 08:30:10 [scrapy] INFO: Enabled spider middlewares: HttpErrorMiddleware, OffsiteMiddleware, RefererMiddleware, UrlLengthMiddleware, DepthMiddleware
2016-02-19 08:30:10 [scrapy] INFO: Enabled item pipelines: LagouPipeline
2016-02-19 08:30:10 [scrapy] INFO: Spider opened
2016-02-19 08:30:10 [scrapy] INFO: Crawled 0 pages (at 0 pages/min), scraped 0 items (at 0 items/min)
2016-02-19 08:30:10 [scrapy] DEBUG: Telnet console listening on 127.0.0.1:6024
2016-02-19 08:30:10 [scrapy] DEBUG: Crawled (200) <GET http://www.lagou.com/jobs/positionAjax.json?px=default&first=true&kd=python&pn=1> (referer: None)
2016-02-19 08:30:10 [scrapy] INFO: Closing spider (finished)
2016-02-19 08:30:10 [scrapy] INFO: Dumping Scrapy stats:
{'downloader/request_bytes': 270,
 'downloader/request_count': 1,
 'downloader/request_method_count/GET': 1,
 'downloader/response_bytes': 17620,
 'downloader/response_count': 1,
 'downloader/response_status_count/200': 1,
 'finish_reason': 'finished',
 'finish_time': datetime.datetime(2016, 2, 19, 0, 30, 10, 658000),
 'log_count/DEBUG': 2,
 'log_count/INFO': 7,
 'response_received_count': 1,
 'scheduler/dequeued': 1,
 'scheduler/dequeued/memory': 1,
 'scheduler/enqueued': 1,
 'scheduler/enqueued/memory': 1,
 'start_time': datetime.datetime(2016, 2, 19, 0, 30, 10, 440000)}
2016-02-19 08:30:10 [scrapy] INFO: Spider closed (finished)
2016-02-19 10:56:29 [scrapy] INFO: Scrapy 1.0.4 started (bot: lagou)
2016-02-19 10:56:29 [scrapy] INFO: Optional features available: ssl, http11
2016-02-19 10:56:29 [scrapy] INFO: Overridden settings: {'NEWSPIDER_MODULE': 'lagou.spiders', 'SPIDER_MODULES': ['lagou.spiders'], 'LOG_FILE': 'lagou.log', 'BOT_NAME': 'lagou'}
2016-02-19 10:56:30 [scrapy] INFO: Enabled extensions: CloseSpider, TelnetConsole, LogStats, CoreStats, SpiderState
2016-02-19 10:56:30 [scrapy] INFO: Enabled downloader middlewares: HttpAuthMiddleware, DownloadTimeoutMiddleware, UserAgentMiddleware, RetryMiddleware, DefaultHeadersMiddleware, MetaRefreshMiddleware, HttpCompressionMiddleware, RedirectMiddleware, CookiesMiddleware, ChunkedTransferMiddleware, DownloaderStats
2016-02-19 10:56:30 [scrapy] INFO: Enabled spider middlewares: HttpErrorMiddleware, OffsiteMiddleware, RefererMiddleware, UrlLengthMiddleware, DepthMiddleware
2016-02-19 10:56:30 [scrapy] INFO: Enabled item pipelines: LagouPipeline
2016-02-19 10:56:30 [scrapy] INFO: Spider opened
2016-02-19 10:56:30 [scrapy] INFO: Crawled 0 pages (at 0 pages/min), scraped 0 items (at 0 items/min)
2016-02-19 10:56:30 [scrapy] DEBUG: Telnet console listening on 127.0.0.1:6024
2016-02-19 10:56:30 [scrapy] DEBUG: Crawled (200) <GET http://www.lagou.com/jobs/positionAjax.json?px=default&first=true&kd=python&pn=1> (referer: None)
2016-02-19 10:56:30 [scrapy] INFO: Closing spider (finished)
2016-02-19 10:56:30 [scrapy] INFO: Dumping Scrapy stats:
{'downloader/request_bytes': 270,
 'downloader/request_count': 1,
 'downloader/request_method_count/GET': 1,
 'downloader/response_bytes': 17458,
 'downloader/response_count': 1,
 'downloader/response_status_count/200': 1,
 'finish_reason': 'finished',
 'finish_time': datetime.datetime(2016, 2, 19, 2, 56, 30, 846000),
 'log_count/DEBUG': 2,
 'log_count/INFO': 7,
 'response_received_count': 1,
 'scheduler/dequeued': 1,
 'scheduler/dequeued/memory': 1,
 'scheduler/enqueued': 1,
 'scheduler/enqueued/memory': 1,
 'start_time': datetime.datetime(2016, 2, 19, 2, 56, 30, 252000)}
2016-02-19 10:56:30 [scrapy] INFO: Spider closed (finished)
2016-02-19 11:05:55 [scrapy] INFO: Scrapy 1.0.4 started (bot: lagou)
2016-02-19 11:05:55 [scrapy] INFO: Optional features available: ssl, http11
2016-02-19 11:05:55 [scrapy] INFO: Overridden settings: {'NEWSPIDER_MODULE': 'lagou.spiders', 'SPIDER_MODULES': ['lagou.spiders'], 'LOG_FILE': 'lagou.log', 'BOT_NAME': 'lagou'}
2016-02-19 11:05:55 [scrapy] INFO: Enabled extensions: CloseSpider, TelnetConsole, LogStats, CoreStats, SpiderState
2016-02-19 11:05:55 [scrapy] INFO: Enabled downloader middlewares: HttpAuthMiddleware, DownloadTimeoutMiddleware, UserAgentMiddleware, RetryMiddleware, DefaultHeadersMiddleware, MetaRefreshMiddleware, HttpCompressionMiddleware, RedirectMiddleware, CookiesMiddleware, ChunkedTransferMiddleware, DownloaderStats
2016-02-19 11:05:55 [scrapy] INFO: Enabled spider middlewares: HttpErrorMiddleware, OffsiteMiddleware, RefererMiddleware, UrlLengthMiddleware, DepthMiddleware
2016-02-19 11:05:55 [scrapy] INFO: Enabled item pipelines: LagouPipeline
2016-02-19 11:05:55 [scrapy] INFO: Spider opened
2016-02-19 11:05:55 [scrapy] INFO: Crawled 0 pages (at 0 pages/min), scraped 0 items (at 0 items/min)
2016-02-19 11:05:55 [scrapy] DEBUG: Telnet console listening on 127.0.0.1:6024
2016-02-19 11:05:55 [scrapy] DEBUG: Crawled (200) <GET http://www.lagou.com/jobs/positionAjax.json?px=default&first=true&kd=python&pn=1> (referer: None)
2016-02-19 11:05:55 [scrapy] ERROR: Spider error processing <GET http://www.lagou.com/jobs/positionAjax.json?px=default&first=true&kd=python&pn=1> (referer: None)
Traceback (most recent call last):
  File "C:\Python27\lib\site-packages\twisted\internet\defer.py", line 588, in _runCallbacks
    current.result = callback(current.result, *args, **kw)
  File "D:\py\lagou\lagou\spiders\lagou_spiders.py", line 34, in parse
    json_datas = json.loads(response.body.body_as_unicode()) #json_datas是个字典
AttributeError: 'str' object has no attribute 'body_as_unicode'
2016-02-19 11:05:55 [scrapy] INFO: Closing spider (finished)
2016-02-19 11:05:55 [scrapy] INFO: Dumping Scrapy stats:
{'downloader/request_bytes': 270,
 'downloader/request_count': 1,
 'downloader/request_method_count/GET': 1,
 'downloader/response_bytes': 17510,
 'downloader/response_count': 1,
 'downloader/response_status_count/200': 1,
 'finish_reason': 'finished',
 'finish_time': datetime.datetime(2016, 2, 19, 3, 5, 55, 888000),
 'log_count/DEBUG': 2,
 'log_count/ERROR': 1,
 'log_count/INFO': 7,
 'response_received_count': 1,
 'scheduler/dequeued': 1,
 'scheduler/dequeued/memory': 1,
 'scheduler/enqueued': 1,
 'scheduler/enqueued/memory': 1,
 'spider_exceptions/AttributeError': 1,
 'start_time': datetime.datetime(2016, 2, 19, 3, 5, 55, 509000)}
2016-02-19 11:05:55 [scrapy] INFO: Spider closed (finished)
